<?xml version="1.0" encoding="UTF-8"?>
<testng-results ignored="0" total="1" passed="1" failed="0" skipped="0">
  <reporter-output>
  </reporter-output>
  <suite started-at="2024-12-05T03:14:11 IST" name="Default suite" finished-at="2024-12-05T03:14:19 IST" duration-ms="7698">
    <groups>
    </groups>
    <test started-at="2024-12-05T03:14:11 IST" name="Default test" finished-at="2024-12-05T03:14:19 IST" duration-ms="7698">
      <class name="sameerakhtar.tests.XboxAppTest">
        <test-method is-config="true" signature="setup()[pri:0, instance:sameerakhtar.tests.XboxAppTest@5386659f]" started-at="2024-12-05T03:14:11 IST" name="setup" finished-at="2024-12-05T03:14:15 IST" duration-ms="4314" status="PASS">
          <reporter-output>
          </reporter-output>
        </test-method> <!-- setup -->
        <test-method signature="xboxAppTest()[pri:0, instance:sameerakhtar.tests.XboxAppTest@5386659f]" started-at="2024-12-05T03:14:15 IST" name="xboxAppTest" finished-at="2024-12-05T03:14:18 IST" duration-ms="2517" status="PASS">
          <reporter-output>
          </reporter-output>
        </test-method> <!-- xboxAppTest -->
        <test-method is-config="true" signature="tearDown()[pri:0, instance:sameerakhtar.tests.XboxAppTest@5386659f]" started-at="2024-12-05T03:14:18 IST" name="tearDown" finished-at="2024-12-05T03:14:19 IST" duration-ms="821" status="PASS">
          <reporter-output>
          </reporter-output>
        </test-method> <!-- tearDown -->
      </class> <!-- sameerakhtar.tests.XboxAppTest -->
    </test> <!-- Default test -->
  </suite> <!-- Default suite -->
</testng-results>
